<?xml version="1.0" encoding="UTF-8"?>
<testng-results ignored="0" total="1" passed="1" failed="0" skipped="0">
  <reporter-output>
  </reporter-output>
  <suite started-at="2025-02-23T16:02:25 IST" name="Suite" finished-at="2025-02-23T16:02:52 IST" duration-ms="26867">
    <groups>
    </groups>
    <test started-at="2025-02-23T16:02:25 IST" name="Test" finished-at="2025-02-23T16:02:52 IST" duration-ms="26867">
      <class name="Automation.Naukri.NaukriAutomation">
        <test-method is-config="true" signature="naukriLogin()[pri:0, instance:Automation.Naukri.NaukriAutomation@279fedbd]" started-at="2025-02-23T16:02:25 IST" name="naukriLogin" finished-at="2025-02-23T16:02:31 IST" duration-ms="6367" status="PASS">
          <reporter-output>
          </reporter-output>
        </test-method> <!-- naukriLogin -->
        <test-method signature="updateHeadline()[pri:0, instance:Automation.Naukri.NaukriAutomation@279fedbd]" started-at="2025-02-23T16:02:31 IST" name="updateHeadline" finished-at="2025-02-23T16:02:51 IST" duration-ms="20141" status="PASS">
          <reporter-output>
          </reporter-output>
        </test-method> <!-- updateHeadline -->
        <test-method is-config="true" signature="tearDown()[pri:0, instance:Automation.Naukri.NaukriAutomation@279fedbd]" started-at="2025-02-23T16:02:51 IST" name="tearDown" finished-at="2025-02-23T16:02:52 IST" duration-ms="279" status="PASS">
          <reporter-output>
          </reporter-output>
        </test-method> <!-- tearDown -->
      </class> <!-- Automation.Naukri.NaukriAutomation -->
    </test> <!-- Test -->
  </suite> <!-- Suite -->
</testng-results>
